[2015-03-07 16:15:22] start to check
[2015-03-07 16:15:25] publish JY解说 版本强势ADC 团战最强ADC轮子妈 http://v.youku.com/v_show/id_XOTAzNTE3MTMy.html
[2015-03-07 16:15:28] publish （小智碧哥）28连杀阿卡丽，2次伪五杀！ http://v.youku.com/v_show/id_XOTA1Nzc3MDE2.html
[2015-03-07 16:15:31] publish 2015 OGN 春季赛 SKT VS KT 3 http://v.youku.com/v_show/id_XOTA2MzYzNzky.html
[2015-03-07 16:15:34] publish 国服第一人马！逆风全明星王者局五杀 http://v.youku.com/v_show/id_XOTA2NzUzMDEy.html
[2015-03-07 16:15:37] publish 【若风解说】飘逸至极！请叫我夺命妖狐 http://v.youku.com/v_show/id_XOTA2NTE0NDI4.html
[2015-03-07 16:15:40] publish LOL抱爹坑姨妈击杀集锦 15 http://v.youku.com/v_show/id_XOTA1MzI2MjE2.html
[2015-03-07 16:20:56] start to check
[2015-03-07 16:21:00] publish JY解说 版本强势ADC 团战最强ADC轮子妈 http://v.youku.com/v_show/id_XOTAzNTE3MTMy.html
[2015-03-07 16:21:19] start to check
[2015-03-07 16:28:33] start to check
[2015-03-07 16:28:36] publish JY解说 版本强势ADC 团战最强ADC轮子妈 http://v.youku.com/v_show/id_XOTAzNTE3MTMy.html
[2015-03-07 16:29:09] publish （小智碧哥）28连杀阿卡丽，2次伪五杀！ http://v.youku.com/v_show/id_XOTA1Nzc3MDE2.html
[2015-03-07 16:29:43] publish 2015 OGN 春季赛 SKT VS KT 3 http://v.youku.com/v_show/id_XOTA2MzYzNzky.html
[2015-03-07 16:30:16] publish 国服第一人马！逆风全明星王者局五杀 http://v.youku.com/v_show/id_XOTA2NzUzMDEy.html
[2015-03-07 16:30:49] publish 【若风解说】飘逸至极！请叫我夺命妖狐 http://v.youku.com/v_show/id_XOTA2NTE0NDI4.html
[2015-03-07 16:31:22] publish LOL抱爹坑姨妈击杀集锦 15 http://v.youku.com/v_show/id_XOTA1MzI2MjE2.html
[2015-03-07 16:31:54] 
[2015-03-07 16:32:27] publish 【小苍坑爹集锦】第111期绕地球一圈也追不到 http://v.youku.com/v_show/id_XOTA1MjA5MDY0.html
[2015-03-07 16:32:57] end of publishment
[2015-03-07 17:02:57] start to check
[2015-03-07 17:03:01] publish JY解说 上单近战的噩梦 5杀彩虹马我自己都怕 http://v.youku.com/v_show/id_XOTA2NzU0ODQ0.html
[2015-03-07 17:07:15] 
[2015-03-07 17:08:17] end of publishment
[2015-03-07 17:38:17] start to check
[2015-03-07 17:41:34] 
[2015-03-07 17:42:37] end of publishment
[2015-03-07 18:12:37] start to check
[2015-03-07 18:15:51] 
